
libbasic.so:     file format elf64-x86-64

Contents of the .debug_info section:

  Compilation Unit @ offset 0x0:
   Length:        0xdc (32-bit)
   Version:       4
   Abbrev Offset: 0x0
   Pointer Size:  8
 &lt;0&gt;&lt;b&gt;: Abbrev Number: 1 (DW_TAG_compile_unit)
    &lt;c&gt;   DW_AT_producer    : (indirect string, offset: 0x33): GNU C11 5.4.0 20160609 -mtune=generic -march=x86-64 -g -fPIC -fstack-protector-strong
    &lt;10&gt;   DW_AT_language    : 12	(ANSI C99)
    &lt;11&gt;   DW_AT_name        : (indirect string, offset: 0xb4): basic.c
    &lt;15&gt;   DW_AT_comp_dir    : (indirect string, offset: 0xbc): /home/peadar/scm/ctypegen/doc/cppdug-slides/src
    &lt;19&gt;   DW_AT_low_pc      : 0x6a0
    &lt;21&gt;   DW_AT_high_pc     : 0x51
    &lt;29&gt;   DW_AT_stmt_list   : 0x0
 &lt;1&gt;&lt;2d&gt;: Abbrev Number: 2 (DW_TAG_base_type)
    &lt;2e&gt;   DW_AT_byte_size   : 8
    &lt;2f&gt;   DW_AT_encoding    : 7	(unsigned)
    &lt;30&gt;   DW_AT_name        : (indirect string, offset: 0x21): long unsigned int
 &lt;1&gt;&lt;34&gt;: Abbrev Number: 2 (DW_TAG_base_type)
    &lt;35&gt;   DW_AT_byte_size   : 1
    &lt;36&gt;   DW_AT_encoding    : 8	(unsigned char)
    &lt;37&gt;   DW_AT_name        : (indirect string, offset: 0x96): unsigned char
 &lt;1&gt;&lt;3b&gt;: Abbrev Number: 2 (DW_TAG_base_type)
    &lt;3c&gt;   DW_AT_byte_size   : 2
    &lt;3d&gt;   DW_AT_encoding    : 7	(unsigned)
    &lt;3e&gt;   DW_AT_name        : (indirect string, offset: 0x0): short unsigned int
 &lt;1&gt;&lt;42&gt;: Abbrev Number: 2 (DW_TAG_base_type)
    &lt;43&gt;   DW_AT_byte_size   : 4
    &lt;44&gt;   DW_AT_encoding    : 7	(unsigned)
    &lt;45&gt;   DW_AT_name        : (indirect string, offset: 0x26): unsigned int
 &lt;1&gt;&lt;49&gt;: Abbrev Number: 2 (DW_TAG_base_type)
    &lt;4a&gt;   DW_AT_byte_size   : 1
    &lt;4b&gt;   DW_AT_encoding    : 6	(signed char)
    &lt;4c&gt;   DW_AT_name        : (indirect string, offset: 0x98): signed char
 &lt;1&gt;&lt;50&gt;: Abbrev Number: 2 (DW_TAG_base_type)
    &lt;51&gt;   DW_AT_byte_size   : 2
    &lt;52&gt;   DW_AT_encoding    : 5	(signed)
    &lt;53&gt;   DW_AT_name        : (indirect string, offset: 0xec): short int
 &lt;1&gt;&lt;57&gt;: Abbrev Number: 3 (DW_TAG_base_type)
    &lt;58&gt;   DW_AT_byte_size   : 4
    &lt;59&gt;   DW_AT_encoding    : 5	(signed)
    &lt;5a&gt;   DW_AT_name        : int
 &lt;1&gt;&lt;5e&gt;: Abbrev Number: 2 (DW_TAG_base_type)
    &lt;5f&gt;   DW_AT_byte_size   : 8
    &lt;60&gt;   DW_AT_encoding    : 5	(signed)
    &lt;61&gt;   DW_AT_name        : (indirect string, offset: 0xa4): long int
 &lt;1&gt;&lt;65&gt;: Abbrev Number: 2 (DW_TAG_base_type)
    &lt;66&gt;   DW_AT_byte_size   : 8
    &lt;67&gt;   DW_AT_encoding    : 7	(unsigned)
    &lt;68&gt;   DW_AT_name        : (indirect string, offset: 0xf6): sizetype
 &lt;1&gt;&lt;6c&gt;: Abbrev Number: 4 (DW_TAG_pointer_type)
    &lt;6d&gt;   DW_AT_byte_size   : 8
    &lt;6e&gt;   DW_AT_type        : &lt;0x72&gt;
 &lt;1&gt;&lt;72&gt;: Abbrev Number: 2 (DW_TAG_base_type)
    &lt;73&gt;   DW_AT_byte_size   : 1
    &lt;74&gt;   DW_AT_encoding    : 6	(signed char)
    &lt;75&gt;   DW_AT_name        : (indirect string, offset: 0x9f): char
 &lt;1&gt;&lt;79&gt;: Abbrev Number: 5 (DW_TAG_structure_type)
    &lt;7a&gt;   DW_AT_name        : (indirect string, offset: 0x13): SomeStructure
    &lt;7e&gt;   DW_AT_byte_size   : 16
    &lt;7f&gt;   DW_AT_decl_file   : 1
    &lt;80&gt;   DW_AT_decl_line   : 3
    &lt;81&gt;   DW_AT_sibling     : &lt;0xa4&gt;
 &lt;2&gt;&lt;85&gt;: Abbrev Number: 6 (DW_TAG_member)
    &lt;86&gt;   DW_AT_name        : i
    &lt;88&gt;   DW_AT_decl_file   : 1
    &lt;89&gt;   DW_AT_decl_line   : 4
    &lt;8a&gt;   DW_AT_type        : &lt;0x57&gt;
    &lt;8e&gt;   DW_AT_data_member_location: 0
 &lt;2&gt;&lt;8f&gt;: Abbrev Number: 6 (DW_TAG_member)
    &lt;90&gt;   DW_AT_name        : c
    &lt;92&gt;   DW_AT_decl_file   : 1
    &lt;93&gt;   DW_AT_decl_line   : 5
    &lt;94&gt;   DW_AT_type        : &lt;0x72&gt;
    &lt;98&gt;   DW_AT_data_member_location: 4
 &lt;2&gt;&lt;99&gt;: Abbrev Number: 6 (DW_TAG_member)
    &lt;9a&gt;   DW_AT_name        : s
    &lt;9c&gt;   DW_AT_decl_file   : 1
    &lt;9d&gt;   DW_AT_decl_line   : 6
    &lt;9e&gt;   DW_AT_type        : &lt;0x6c&gt;
    &lt;a2&gt;   DW_AT_data_member_location: 8
 &lt;2&gt;&lt;a3&gt;: Abbrev Number: 0
 &lt;1&gt;&lt;a4&gt;: Abbrev Number: 7 (DW_TAG_subprogram)
    &lt;a5&gt;   DW_AT_external    : 1
    &lt;a5&gt;   DW_AT_name        : (indirect string, offset: 0x89): someFunction
    &lt;a9&gt;   DW_AT_decl_file   : 1
    &lt;aa&gt;   DW_AT_decl_line   : 9
    &lt;ab&gt;   DW_AT_prototyped  : 1
    &lt;ab&gt;   DW_AT_type        : &lt;0xd2&gt;
    &lt;af&gt;   DW_AT_low_pc      : 0x6a0
    &lt;b7&gt;   DW_AT_high_pc     : 0x51
    &lt;bf&gt;   DW_AT_frame_base  : 1 byte block: 9c 	(DW_OP_call_frame_cfa)
    &lt;c1&gt;   DW_AT_GNU_all_tail_call_sites: 1
    &lt;c1&gt;   DW_AT_sibling     : &lt;0xd2&gt;
 &lt;2&gt;&lt;c5&gt;: Abbrev Number: 8 (DW_TAG_formal_parameter)
    &lt;c6&gt;   DW_AT_name        : s
    &lt;c8&gt;   DW_AT_decl_file   : 1
    &lt;c9&gt;   DW_AT_decl_line   : 9
    &lt;ca&gt;   DW_AT_type        : &lt;0xd9&gt;
    &lt;ce&gt;   DW_AT_location    : 2 byte block: 91 68 	(DW_OP_fbreg: -24)
 &lt;2&gt;&lt;d1&gt;: Abbrev Number: 0
 &lt;1&gt;&lt;d2&gt;: Abbrev Number: 2 (DW_TAG_base_type)
    &lt;d3&gt;   DW_AT_byte_size   : 8
    &lt;d4&gt;   DW_AT_encoding    : 4	(float)
    &lt;d5&gt;   DW_AT_name        : (indirect string, offset: 0xad): double
 &lt;1&gt;&lt;d9&gt;: Abbrev Number: 4 (DW_TAG_pointer_type)
    &lt;da&gt;   DW_AT_byte_size   : 8
    &lt;db&gt;   DW_AT_type        : &lt;0x79&gt;
 &lt;1&gt;&lt;df&gt;: Abbrev Number: 0

